<?xml version="1.0" encoding="UTF-8"?>
<testng-results ignored="0" total="1" passed="1" failed="0" skipped="0">
  <reporter-output>
  </reporter-output>
  <suite started-at="2023-11-20T20:20:41 IST" name="eBankingSite" finished-at="2023-11-20T20:22:57 IST" duration-ms="135581">
    <groups>
    </groups>
    <test started-at="2023-11-20T20:20:41 IST" name="ebankingSite Test" finished-at="2023-11-20T20:22:57 IST" duration-ms="135581">
      <class name="com.eBankinSite.testdata.TC_LoginTest_001">
        <test-method is-config="true" signature="setup(java.lang.String)[pri:0, instance:com.eBankinSite.testdata.TC_LoginTest_001@292b08d6]" started-at="2023-11-20T20:20:43 IST" name="setup" finished-at="2023-11-20T20:22:08 IST" duration-ms="84811" status="PASS">
          <params>
            <param index="0">
              <value>
                <![CDATA[chrome]]>
              </value>
            </param>
          </params>
          <reporter-output>
          </reporter-output>
        </test-method> <!-- setup -->
        <test-method signature="loginTest()[pri:0, instance:com.eBankinSite.testdata.TC_LoginTest_001@292b08d6]" started-at="2023-11-20T20:22:08 IST" name="loginTest" finished-at="2023-11-20T20:22:56 IST" duration-ms="48543" status="PASS">
          <reporter-output>
          </reporter-output>
        </test-method> <!-- loginTest -->
      </class> <!-- com.eBankinSite.testdata.TC_LoginTest_001 -->
    </test> <!-- ebankingSite Test -->
  </suite> <!-- eBankingSite -->
</testng-results>
